[0.265s] Invoking command in '/home/daxiongpro/code/town_ws/src/village_li': CONDA_PROMPT_MODIFIER=(base) PYTHONPATH=/home/daxiongpro/code/town_ws/install/village_li/lib/python3.8/site-packages:${PYTHONPATH} /usr/bin/python3 setup.py egg_info --egg-base ../../build/village_li build --build-base /home/daxiongpro/code/town_ws/build/village_li/build install --prefix /home/daxiongpro/code/town_ws/install/village_li --record /home/daxiongpro/code/town_ws/build/village_li/install.log --single-version-externally-managed
[0.473s] running egg_info
[0.473s] writing ../../build/village_li/village_li.egg-info/PKG-INFO
[0.473s] writing dependency_links to ../../build/village_li/village_li.egg-info/dependency_links.txt
[0.474s] writing entry points to ../../build/village_li/village_li.egg-info/entry_points.txt
[0.474s] writing requirements to ../../build/village_li/village_li.egg-info/requires.txt
[0.474s] writing top-level names to ../../build/village_li/village_li.egg-info/top_level.txt
[0.507s] reading manifest file '../../build/village_li/village_li.egg-info/SOURCES.txt'
[0.508s] writing manifest file '../../build/village_li/village_li.egg-info/SOURCES.txt'
[0.508s] running build
[0.508s] running build_py
[0.508s] copying village_li/li4.py -> /home/daxiongpro/code/town_ws/build/village_li/build/lib/village_li
[0.509s] running install
[0.509s] running install_lib
[0.510s] copying /home/daxiongpro/code/town_ws/build/village_li/build/lib/village_li/li4.py -> /home/daxiongpro/code/town_ws/install/village_li/lib/python3.8/site-packages/village_li
[0.510s] byte-compiling /home/daxiongpro/code/town_ws/install/village_li/lib/python3.8/site-packages/village_li/li4.py to li4.cpython-38.pyc
[0.512s] running install_data
[0.512s] running install_egg_info
[0.514s] removing '/home/daxiongpro/code/town_ws/install/village_li/lib/python3.8/site-packages/village_li-0.0.0-py3.8.egg-info' (and everything under it)
[0.514s] Copying ../../build/village_li/village_li.egg-info to /home/daxiongpro/code/town_ws/install/village_li/lib/python3.8/site-packages/village_li-0.0.0-py3.8.egg-info
[0.515s] running install_scripts
[0.531s] Installing li4_node script to /home/daxiongpro/code/town_ws/install/village_li/lib/village_li
[0.532s] writing list of installed files to '/home/daxiongpro/code/town_ws/build/village_li/install.log'
[0.556s] Invoked command in '/home/daxiongpro/code/town_ws/src/village_li' returned '0': CONDA_PROMPT_MODIFIER=(base) PYTHONPATH=/home/daxiongpro/code/town_ws/install/village_li/lib/python3.8/site-packages:${PYTHONPATH} /usr/bin/python3 setup.py egg_info --egg-base ../../build/village_li build --build-base /home/daxiongpro/code/town_ws/build/village_li/build install --prefix /home/daxiongpro/code/town_ws/install/village_li --record /home/daxiongpro/code/town_ws/build/village_li/install.log --single-version-externally-managed
