[0.258s] Invoking command in '/home/daxiongpro/code/town_ws/src/village_li': CONDA_PROMPT_MODIFIER=(ros2) PYTHONPATH=/home/daxiongpro/code/town_ws/install/village_li/lib/python3.8/site-packages:${PYTHONPATH} /usr/bin/python3 setup.py egg_info --egg-base ../../build/village_li build --build-base /home/daxiongpro/code/town_ws/build/village_li/build install --prefix /home/daxiongpro/code/town_ws/install/village_li --record /home/daxiongpro/code/town_ws/build/village_li/install.log --single-version-externally-managed
[0.462s] running egg_info
[0.463s] creating ../../build/village_li/village_li.egg-info
[0.463s] writing ../../build/village_li/village_li.egg-info/PKG-INFO
[0.463s] writing dependency_links to ../../build/village_li/village_li.egg-info/dependency_links.txt
[0.463s] writing entry points to ../../build/village_li/village_li.egg-info/entry_points.txt
[0.463s] writing requirements to ../../build/village_li/village_li.egg-info/requires.txt
[0.464s] writing top-level names to ../../build/village_li/village_li.egg-info/top_level.txt
[0.464s] writing manifest file '../../build/village_li/village_li.egg-info/SOURCES.txt'
[0.497s] reading manifest file '../../build/village_li/village_li.egg-info/SOURCES.txt'
[0.497s] writing manifest file '../../build/village_li/village_li.egg-info/SOURCES.txt'
[0.497s] running build
[0.498s] running build_py
[0.498s] creating /home/daxiongpro/code/town_ws/build/village_li/build
[0.498s] creating /home/daxiongpro/code/town_ws/build/village_li/build/lib
[0.498s] creating /home/daxiongpro/code/town_ws/build/village_li/build/lib/village_li
[0.498s] copying village_li/__init__.py -> /home/daxiongpro/code/town_ws/build/village_li/build/lib/village_li
[0.499s] copying village_li/li4.py -> /home/daxiongpro/code/town_ws/build/village_li/build/lib/village_li
[0.499s] running install
[0.499s] running install_lib
[0.499s] creating /home/daxiongpro/code/town_ws/install/village_li/lib/python3.8/site-packages/village_li
[0.500s] copying /home/daxiongpro/code/town_ws/build/village_li/build/lib/village_li/__init__.py -> /home/daxiongpro/code/town_ws/install/village_li/lib/python3.8/site-packages/village_li
[0.500s] copying /home/daxiongpro/code/town_ws/build/village_li/build/lib/village_li/li4.py -> /home/daxiongpro/code/town_ws/install/village_li/lib/python3.8/site-packages/village_li
[0.500s] byte-compiling /home/daxiongpro/code/town_ws/install/village_li/lib/python3.8/site-packages/village_li/__init__.py to __init__.cpython-38.pyc
[0.501s] byte-compiling /home/daxiongpro/code/town_ws/install/village_li/lib/python3.8/site-packages/village_li/li4.py to li4.cpython-38.pyc
[0.501s] running install_data
[0.502s] creating /home/daxiongpro/code/town_ws/install/village_li/share/ament_index
[0.502s] creating /home/daxiongpro/code/town_ws/install/village_li/share/ament_index/resource_index
[0.502s] creating /home/daxiongpro/code/town_ws/install/village_li/share/ament_index/resource_index/packages
[0.502s] copying resource/village_li -> /home/daxiongpro/code/town_ws/install/village_li/share/ament_index/resource_index/packages
[0.503s] copying package.xml -> /home/daxiongpro/code/town_ws/install/village_li/share/village_li
[0.503s] running install_egg_info
[0.504s] Copying ../../build/village_li/village_li.egg-info to /home/daxiongpro/code/town_ws/install/village_li/lib/python3.8/site-packages/village_li-0.0.0-py3.8.egg-info
[0.504s] running install_scripts
[0.521s] Installing li4_node script to /home/daxiongpro/code/town_ws/install/village_li/lib/village_li
[0.521s] writing list of installed files to '/home/daxiongpro/code/town_ws/build/village_li/install.log'
[0.545s] Invoked command in '/home/daxiongpro/code/town_ws/src/village_li' returned '0': CONDA_PROMPT_MODIFIER=(ros2) PYTHONPATH=/home/daxiongpro/code/town_ws/install/village_li/lib/python3.8/site-packages:${PYTHONPATH} /usr/bin/python3 setup.py egg_info --egg-base ../../build/village_li build --build-base /home/daxiongpro/code/town_ws/build/village_li/build install --prefix /home/daxiongpro/code/town_ws/install/village_li --record /home/daxiongpro/code/town_ws/build/village_li/install.log --single-version-externally-managed
